[0.087s] DEBUG:colcon:Command line arguments: ['/usr/bin/colcon', 'build']
[0.087s] DEBUG:colcon:Parsed command line arguments: Namespace(log_base=None, log_level=None, verb_name='build', build_base='build', install_base='install', merge_install=False, symlink_install=False, test_result_base=None, continue_on_error=False, executor='parallel', parallel_workers=16, event_handlers=None, ignore_user_meta=False, metas=['./colcon.meta'], base_paths=['.'], packages_ignore=None, packages_ignore_regex=None, paths=None, packages_up_to=None, packages_up_to_regex=None, packages_above=None, packages_above_and_dependencies=None, packages_above_depth=None, packages_select_by_dep=None, packages_skip_by_dep=None, packages_skip_up_to=None, packages_select_build_failed=False, packages_skip_build_finished=False, packages_select_test_failures=False, packages_skip_test_passed=False, packages_select=None, packages_skip=None, packages_select_regex=None, packages_skip_regex=None, packages_start=None, packages_end=None, cmake_args=None, cmake_target=None, cmake_target_skip_unavailable=False, cmake_clean_cache=False, cmake_clean_first=False, cmake_force_configure=False, ament_cmake_args=None, catkin_cmake_args=None, catkin_skip_building_tests=False, mixin_files=None, mixin=None, verb_parser=<colcon_mixin.mixin.mixin_argument.MixinArgumentDecorator object at 0x739c19214970>, verb_extension=<colcon_core.verb.build.BuildVerb object at 0x739c193a97b0>, main=<bound method BuildVerb.main of <colcon_core.verb.build.BuildVerb object at 0x739c193a97b0>>, mixin_verb=('build',))
[0.206s] Level 1:colcon.colcon_core.package_discovery:discover_packages(colcon_meta) check parameters
[0.206s] Level 1:colcon.colcon_core.package_discovery:discover_packages(recursive) check parameters
[0.206s] Level 1:colcon.colcon_core.package_discovery:discover_packages(ignore) check parameters
[0.206s] Level 1:colcon.colcon_core.package_discovery:discover_packages(path) check parameters
[0.206s] Level 1:colcon.colcon_core.package_discovery:discover_packages(colcon_meta) discover
[0.206s] Level 1:colcon.colcon_core.package_discovery:discover_packages(recursive) discover
[0.206s] INFO:colcon.colcon_core.package_discovery:Crawling recursively for packages in '/home/user/ros2_ws/src/armando_description'
[0.207s] Level 1:colcon.colcon_core.package_identification:_identify(.) by extensions ['ignore', 'ignore_ament_install']
[0.207s] Level 1:colcon.colcon_core.package_identification:_identify(.) by extension 'ignore'
[0.207s] Level 1:colcon.colcon_core.package_identification:_identify(.) by extension 'ignore_ament_install'
[0.207s] Level 1:colcon.colcon_core.package_identification:_identify(.) by extensions ['colcon_pkg']
[0.207s] Level 1:colcon.colcon_core.package_identification:_identify(.) by extension 'colcon_pkg'
[0.207s] Level 1:colcon.colcon_core.package_identification:_identify(.) by extensions ['colcon_meta']
[0.207s] Level 1:colcon.colcon_core.package_identification:_identify(.) by extension 'colcon_meta'
[0.207s] Level 1:colcon.colcon_core.package_identification:_identify(.) by extensions ['ros']
[0.207s] Level 1:colcon.colcon_core.package_identification:_identify(.) by extension 'ros'
[0.218s] DEBUG:colcon.colcon_core.package_identification:Package '.' with type 'ros.ament_cmake' and name 'armando_description'
[0.218s] Level 1:colcon.colcon_core.package_discovery:discover_packages(recursive) using defaults
[0.218s] Level 1:colcon.colcon_core.package_discovery:discover_packages(ignore) discover
[0.218s] Level 1:colcon.colcon_core.package_discovery:discover_packages(ignore) using defaults
[0.218s] Level 1:colcon.colcon_core.package_discovery:discover_packages(path) discover
[0.218s] Level 1:colcon.colcon_core.package_discovery:discover_packages(path) using defaults
[0.234s] Level 5:colcon.colcon_core.verb:set package 'armando_description' build argument 'cmake_args' from command line to 'None'
[0.234s] Level 5:colcon.colcon_core.verb:set package 'armando_description' build argument 'cmake_target' from command line to 'None'
[0.234s] Level 5:colcon.colcon_core.verb:set package 'armando_description' build argument 'cmake_target_skip_unavailable' from command line to 'False'
[0.234s] Level 5:colcon.colcon_core.verb:set package 'armando_description' build argument 'cmake_clean_cache' from command line to 'False'
[0.234s] Level 5:colcon.colcon_core.verb:set package 'armando_description' build argument 'cmake_clean_first' from command line to 'False'
[0.234s] Level 5:colcon.colcon_core.verb:set package 'armando_description' build argument 'cmake_force_configure' from command line to 'False'
[0.234s] Level 5:colcon.colcon_core.verb:set package 'armando_description' build argument 'ament_cmake_args' from command line to 'None'
[0.234s] Level 5:colcon.colcon_core.verb:set package 'armando_description' build argument 'catkin_cmake_args' from command line to 'None'
[0.234s] Level 5:colcon.colcon_core.verb:set package 'armando_description' build argument 'catkin_skip_building_tests' from command line to 'False'
[0.234s] DEBUG:colcon.colcon_core.verb:Building package 'armando_description' with the following arguments: {'ament_cmake_args': None, 'build_base': '/home/user/ros2_ws/src/armando_description/build/armando_description', 'catkin_cmake_args': None, 'catkin_skip_building_tests': False, 'cmake_args': None, 'cmake_clean_cache': False, 'cmake_clean_first': False, 'cmake_force_configure': False, 'cmake_target': None, 'cmake_target_skip_unavailable': False, 'install_base': '/home/user/ros2_ws/src/armando_description/install/armando_description', 'merge_install': False, 'path': '/home/user/ros2_ws/src/armando_description', 'symlink_install': False, 'test_result_base': None}
[0.234s] INFO:colcon.colcon_core.executor:Executing jobs using 'parallel' executor
[0.235s] DEBUG:colcon.colcon_parallel_executor.executor.parallel:run_until_complete
[0.235s] INFO:colcon.colcon_ros.task.ament_cmake.build:Building ROS package in '/home/user/ros2_ws/src/armando_description' with build type 'ament_cmake'
[0.235s] INFO:colcon.colcon_cmake.task.cmake.build:Building CMake package in '/home/user/ros2_ws/src/armando_description'
[0.237s] INFO:colcon.colcon_core.plugin_system:Skipping extension 'colcon_core.shell.bat': Not used on non-Windows systems
[0.237s] INFO:colcon.colcon_core.shell:Skip shell extension 'powershell' for command environment: Not usable outside of PowerShell
[0.237s] DEBUG:colcon.colcon_core.shell:Skip shell extension 'dsv' for command environment
[0.250s] DEBUG:colcon.colcon_core.event_handler.log_command:Invoking command in '/home/user/ros2_ws/src/armando_description/build/armando_description': CMAKE_PREFIX_PATH=${CMAKE_PREFIX_PATH}:/opt/ros/humble /usr/bin/cmake /home/user/ros2_ws/src/armando_description -DCMAKE_INSTALL_PREFIX=/home/user/ros2_ws/src/armando_description/install/armando_description
[1.182s] DEBUG:colcon.colcon_core.event_handler.log_command:Invoked command in '/home/user/ros2_ws/src/armando_description/build/armando_description' returned '0': CMAKE_PREFIX_PATH=${CMAKE_PREFIX_PATH}:/opt/ros/humble /usr/bin/cmake /home/user/ros2_ws/src/armando_description -DCMAKE_INSTALL_PREFIX=/home/user/ros2_ws/src/armando_description/install/armando_description
[1.184s] DEBUG:colcon.colcon_core.event_handler.log_command:Invoking command in '/home/user/ros2_ws/src/armando_description/build/armando_description': CMAKE_PREFIX_PATH=${CMAKE_PREFIX_PATH}:/opt/ros/humble /usr/bin/cmake --build /home/user/ros2_ws/src/armando_description/build/armando_description -- -j16 -l16
[1.230s] DEBUG:colcon.colcon_core.event_handler.log_command:Invoked command in '/home/user/ros2_ws/src/armando_description/build/armando_description' returned '0': CMAKE_PREFIX_PATH=${CMAKE_PREFIX_PATH}:/opt/ros/humble /usr/bin/cmake --build /home/user/ros2_ws/src/armando_description/build/armando_description -- -j16 -l16
[1.246s] DEBUG:colcon.colcon_core.event_handler.log_command:Invoking command in '/home/user/ros2_ws/src/armando_description/build/armando_description': CMAKE_PREFIX_PATH=${CMAKE_PREFIX_PATH}:/opt/ros/humble /usr/bin/cmake --install /home/user/ros2_ws/src/armando_description/build/armando_description
[1.281s] Level 1:colcon.colcon_core.environment:create_environment_scripts_only(armando_description)
[1.281s] DEBUG:colcon.colcon_core.event_handler.log_command:Invoked command in '/home/user/ros2_ws/src/armando_description/build/armando_description' returned '0': CMAKE_PREFIX_PATH=${CMAKE_PREFIX_PATH}:/opt/ros/humble /usr/bin/cmake --install /home/user/ros2_ws/src/armando_description/build/armando_description
[1.285s] Level 1:colcon.colcon_core.environment:checking '/home/user/ros2_ws/src/armando_description/install/armando_description' for CMake module files
[1.287s] Level 1:colcon.colcon_core.environment:checking '/home/user/ros2_ws/src/armando_description/install/armando_description' for CMake config files
[1.288s] Level 1:colcon.colcon_core.shell:create_environment_hook('armando_description', 'cmake_prefix_path')
[1.288s] INFO:colcon.colcon_core.shell:Creating environment hook '/home/user/ros2_ws/src/armando_description/install/armando_description/share/armando_description/hook/cmake_prefix_path.ps1'
[1.289s] INFO:colcon.colcon_core.shell:Creating environment descriptor '/home/user/ros2_ws/src/armando_description/install/armando_description/share/armando_description/hook/cmake_prefix_path.dsv'
[1.290s] INFO:colcon.colcon_core.shell:Creating environment hook '/home/user/ros2_ws/src/armando_description/install/armando_description/share/armando_description/hook/cmake_prefix_path.sh'
[1.292s] Level 1:colcon.colcon_core.environment:checking '/home/user/ros2_ws/src/armando_description/install/armando_description/bin'
[1.292s] Level 1:colcon.colcon_core.environment:checking '/home/user/ros2_ws/src/armando_description/install/armando_description/lib/pkgconfig/armando_description.pc'
[1.296s] Level 1:colcon.colcon_core.environment:checking '/home/user/ros2_ws/src/armando_description/install/armando_description/lib/python3.10/site-packages'
[1.297s] Level 1:colcon.colcon_core.environment:checking '/home/user/ros2_ws/src/armando_description/install/armando_description/bin'
[1.297s] INFO:colcon.colcon_core.shell:Creating package script '/home/user/ros2_ws/src/armando_description/install/armando_description/share/armando_description/package.ps1'
[1.299s] INFO:colcon.colcon_core.shell:Creating package descriptor '/home/user/ros2_ws/src/armando_description/install/armando_description/share/armando_description/package.dsv'
[1.300s] INFO:colcon.colcon_core.shell:Creating package script '/home/user/ros2_ws/src/armando_description/install/armando_description/share/armando_description/package.sh'
[1.302s] INFO:colcon.colcon_core.shell:Creating package script '/home/user/ros2_ws/src/armando_description/install/armando_description/share/armando_description/package.bash'
[1.303s] INFO:colcon.colcon_core.shell:Creating package script '/home/user/ros2_ws/src/armando_description/install/armando_description/share/armando_description/package.zsh'
[1.305s] Level 1:colcon.colcon_core.environment:create_file_with_runtime_dependencies(/home/user/ros2_ws/src/armando_description/install/armando_description/share/colcon-core/packages/armando_description)
[1.306s] Level 1:colcon.colcon_core.environment:create_environment_scripts_only(armando_description)
[1.307s] Level 1:colcon.colcon_core.environment:checking '/home/user/ros2_ws/src/armando_description/install/armando_description' for CMake module files
[1.308s] Level 1:colcon.colcon_core.environment:checking '/home/user/ros2_ws/src/armando_description/install/armando_description' for CMake config files
[1.309s] Level 1:colcon.colcon_core.shell:create_environment_hook('armando_description', 'cmake_prefix_path')
[1.309s] INFO:colcon.colcon_core.shell:Creating environment hook '/home/user/ros2_ws/src/armando_description/install/armando_description/share/armando_description/hook/cmake_prefix_path.ps1'
[1.310s] INFO:colcon.colcon_core.shell:Creating environment descriptor '/home/user/ros2_ws/src/armando_description/install/armando_description/share/armando_description/hook/cmake_prefix_path.dsv'
[1.311s] INFO:colcon.colcon_core.shell:Creating environment hook '/home/user/ros2_ws/src/armando_description/install/armando_description/share/armando_description/hook/cmake_prefix_path.sh'
[1.312s] Level 1:colcon.colcon_core.environment:checking '/home/user/ros2_ws/src/armando_description/install/armando_description/bin'
[1.312s] Level 1:colcon.colcon_core.environment:checking '/home/user/ros2_ws/src/armando_description/install/armando_description/lib/pkgconfig/armando_description.pc'
[1.313s] Level 1:colcon.colcon_core.environment:checking '/home/user/ros2_ws/src/armando_description/install/armando_description/lib/python3.10/site-packages'
[1.313s] Level 1:colcon.colcon_core.environment:checking '/home/user/ros2_ws/src/armando_description/install/armando_description/bin'
[1.314s] INFO:colcon.colcon_core.shell:Creating package script '/home/user/ros2_ws/src/armando_description/install/armando_description/share/armando_description/package.ps1'
[1.315s] INFO:colcon.colcon_core.shell:Creating package descriptor '/home/user/ros2_ws/src/armando_description/install/armando_description/share/armando_description/package.dsv'
[1.316s] INFO:colcon.colcon_core.shell:Creating package script '/home/user/ros2_ws/src/armando_description/install/armando_description/share/armando_description/package.sh'
[1.317s] INFO:colcon.colcon_core.shell:Creating package script '/home/user/ros2_ws/src/armando_description/install/armando_description/share/armando_description/package.bash'
[1.318s] INFO:colcon.colcon_core.shell:Creating package script '/home/user/ros2_ws/src/armando_description/install/armando_description/share/armando_description/package.zsh'
[1.319s] Level 1:colcon.colcon_core.environment:create_file_with_runtime_dependencies(/home/user/ros2_ws/src/armando_description/install/armando_description/share/colcon-core/packages/armando_description)
[1.319s] DEBUG:colcon.colcon_parallel_executor.executor.parallel:closing loop
[1.320s] DEBUG:colcon.colcon_parallel_executor.executor.parallel:loop closed
[1.320s] DEBUG:colcon.colcon_parallel_executor.executor.parallel:run_until_complete finished with '0'
[1.320s] DEBUG:colcon.colcon_core.event_reactor:joining thread
[1.332s] INFO:colcon.colcon_core.plugin_system:Skipping extension 'colcon_notification.desktop_notification.notify_send': Could not find 'notify-send'
[1.332s] INFO:colcon.colcon_core.plugin_system:Skipping extension 'colcon_notification.desktop_notification.terminal_notifier': Not used on non-Darwin systems
[1.332s] INFO:colcon.colcon_core.plugin_system:Skipping extension 'colcon_notification.desktop_notification.win32': Not used on non-Windows systems
[1.332s] INFO:colcon.colcon_notification.desktop_notification:Sending desktop notification using 'notify2'
[1.339s] DEBUG:colcon.colcon_notification.desktop_notification.notify2:Failed to initialize notify2: org.freedesktop.DBus.Error.Spawn.ExecFailed: /usr/bin/dbus-launch terminated abnormally without any error message
[1.340s] DEBUG:colcon.colcon_core.event_reactor:joined thread
[1.341s] INFO:colcon.colcon_core.shell:Creating prefix script '/home/user/ros2_ws/src/armando_description/install/local_setup.ps1'
[1.344s] INFO:colcon.colcon_core.shell:Creating prefix util module '/home/user/ros2_ws/src/armando_description/install/_local_setup_util_ps1.py'
[1.347s] INFO:colcon.colcon_core.shell:Creating prefix chain script '/home/user/ros2_ws/src/armando_description/install/setup.ps1'
[1.353s] INFO:colcon.colcon_core.shell:Creating prefix script '/home/user/ros2_ws/src/armando_description/install/local_setup.sh'
[1.354s] INFO:colcon.colcon_core.shell:Creating prefix util module '/home/user/ros2_ws/src/armando_description/install/_local_setup_util_sh.py'
[1.356s] INFO:colcon.colcon_core.shell:Creating prefix chain script '/home/user/ros2_ws/src/armando_description/install/setup.sh'
[1.359s] INFO:colcon.colcon_core.shell:Creating prefix script '/home/user/ros2_ws/src/armando_description/install/local_setup.bash'
[1.360s] INFO:colcon.colcon_core.shell:Creating prefix chain script '/home/user/ros2_ws/src/armando_description/install/setup.bash'
[1.364s] INFO:colcon.colcon_core.shell:Creating prefix script '/home/user/ros2_ws/src/armando_description/install/local_setup.zsh'
[1.365s] INFO:colcon.colcon_core.shell:Creating prefix chain script '/home/user/ros2_ws/src/armando_description/install/setup.zsh'
