[3.032s] DEBUG:colcon:Command line arguments: ['/usr/bin/colcon', 'build']
[3.032s] DEBUG:colcon:Parsed command line arguments: Namespace(log_base=None, log_level=None, verb_name='build', build_base='build', install_base='install', merge_install=False, symlink_install=False, test_result_base=None, continue_on_error=False, executor='parallel', parallel_workers=16, event_handlers=None, ignore_user_meta=False, metas=['./colcon.meta'], base_paths=['.'], packages_ignore=None, packages_ignore_regex=None, paths=None, packages_up_to=None, packages_up_to_regex=None, packages_above=None, packages_above_and_dependencies=None, packages_above_depth=None, packages_select_by_dep=None, packages_skip_by_dep=None, packages_skip_up_to=None, packages_select_build_failed=False, packages_skip_build_finished=False, packages_select_test_failures=False, packages_skip_test_passed=False, packages_select=None, packages_skip=None, packages_select_regex=None, packages_skip_regex=None, packages_start=None, packages_end=None, cmake_args=None, cmake_target=None, cmake_target_skip_unavailable=False, cmake_clean_cache=False, cmake_clean_first=False, cmake_force_configure=False, ament_cmake_args=None, catkin_cmake_args=None, catkin_skip_building_tests=False, mixin_files=None, mixin=None, verb_parser=<colcon_mixin.mixin.mixin_argument.MixinArgumentDecorator object at 0x7082ce393b50>, verb_extension=<colcon_core.verb.build.BuildVerb object at 0x7082ce558a60>, main=<bound method BuildVerb.main of <colcon_core.verb.build.BuildVerb object at 0x7082ce558a60>>, mixin_verb=('build',))
[5.890s] Level 1:colcon.colcon_core.package_discovery:discover_packages(colcon_meta) check parameters
[5.891s] Level 1:colcon.colcon_core.package_discovery:discover_packages(recursive) check parameters
[5.891s] Level 1:colcon.colcon_core.package_discovery:discover_packages(ignore) check parameters
[5.891s] Level 1:colcon.colcon_core.package_discovery:discover_packages(path) check parameters
[5.891s] Level 1:colcon.colcon_core.package_discovery:discover_packages(colcon_meta) discover
[5.891s] Level 1:colcon.colcon_core.package_discovery:discover_packages(recursive) discover
[5.891s] INFO:colcon.colcon_core.package_discovery:Crawling recursively for packages in '/home/user/ros2_ws/src/armando_description/launch'
[5.892s] Level 1:colcon.colcon_core.package_identification:_identify(.) by extensions ['ignore', 'ignore_ament_install']
[5.892s] Level 1:colcon.colcon_core.package_identification:_identify(.) by extension 'ignore'
[5.892s] Level 1:colcon.colcon_core.package_identification:_identify(.) by extension 'ignore_ament_install'
[5.892s] Level 1:colcon.colcon_core.package_identification:_identify(.) by extensions ['colcon_pkg']
[5.892s] Level 1:colcon.colcon_core.package_identification:_identify(.) by extension 'colcon_pkg'
[5.892s] Level 1:colcon.colcon_core.package_identification:_identify(.) by extensions ['colcon_meta']
[5.892s] Level 1:colcon.colcon_core.package_identification:_identify(.) by extension 'colcon_meta'
[5.892s] Level 1:colcon.colcon_core.package_identification:_identify(.) by extensions ['ros']
[5.893s] Level 1:colcon.colcon_core.package_identification:_identify(.) by extension 'ros'
[5.962s] Level 1:colcon.colcon_core.package_identification:_identify(.) by extensions ['cmake', 'python']
[5.962s] Level 1:colcon.colcon_core.package_identification:_identify(.) by extension 'cmake'
[5.962s] Level 1:colcon.colcon_core.package_identification:_identify(.) by extension 'python'
[5.962s] Level 1:colcon.colcon_core.package_identification:_identify(.) by extensions ['python_setup_py']
[5.962s] Level 1:colcon.colcon_core.package_identification:_identify(.) by extension 'python_setup_py'
[5.962s] Level 1:colcon.colcon_core.package_identification:_identify(build) by extensions ['ignore', 'ignore_ament_install']
[5.963s] Level 1:colcon.colcon_core.package_identification:_identify(build) by extension 'ignore'
[5.963s] Level 1:colcon.colcon_core.package_identification:_identify(build) ignored
[5.963s] Level 1:colcon.colcon_core.package_identification:_identify(install) by extensions ['ignore', 'ignore_ament_install']
[5.963s] Level 1:colcon.colcon_core.package_identification:_identify(install) by extension 'ignore'
[5.963s] Level 1:colcon.colcon_core.package_identification:_identify(install) ignored
[5.964s] Level 1:colcon.colcon_core.package_identification:_identify(log) by extensions ['ignore', 'ignore_ament_install']
[5.964s] Level 1:colcon.colcon_core.package_identification:_identify(log) by extension 'ignore'
[5.964s] Level 1:colcon.colcon_core.package_identification:_identify(log) ignored
[5.964s] Level 1:colcon.colcon_core.package_discovery:discover_packages(recursive) using defaults
[5.964s] Level 1:colcon.colcon_core.package_discovery:discover_packages(ignore) discover
[5.964s] Level 1:colcon.colcon_core.package_discovery:discover_packages(ignore) using defaults
[5.964s] Level 1:colcon.colcon_core.package_discovery:discover_packages(path) discover
[5.964s] Level 1:colcon.colcon_core.package_discovery:discover_packages(path) using defaults
[6.161s] INFO:colcon.colcon_core.executor:Executing jobs using 'parallel' executor
[6.163s] DEBUG:colcon.colcon_parallel_executor.executor.parallel:run_until_complete
[6.163s] DEBUG:colcon.colcon_parallel_executor.executor.parallel:closing loop
[6.163s] DEBUG:colcon.colcon_parallel_executor.executor.parallel:loop closed
[6.164s] DEBUG:colcon.colcon_parallel_executor.executor.parallel:run_until_complete finished with '0'
[6.164s] DEBUG:colcon.colcon_core.event_reactor:joining thread
[6.385s] INFO:colcon.colcon_core.plugin_system:Skipping extension 'colcon_notification.desktop_notification.notify_send': Could not find 'notify-send'
[6.386s] INFO:colcon.colcon_core.plugin_system:Skipping extension 'colcon_notification.desktop_notification.terminal_notifier': Not used on non-Darwin systems
[6.386s] INFO:colcon.colcon_core.plugin_system:Skipping extension 'colcon_notification.desktop_notification.win32': Not used on non-Windows systems
[6.386s] INFO:colcon.colcon_notification.desktop_notification:Sending desktop notification using 'notify2'
[6.527s] DEBUG:colcon.colcon_notification.desktop_notification.notify2:Failed to initialize notify2: org.freedesktop.DBus.Error.Spawn.ExecFailed: /usr/bin/dbus-launch terminated abnormally without any error message
[6.528s] DEBUG:colcon.colcon_core.event_reactor:joined thread
[6.546s] INFO:colcon.colcon_core.plugin_system:Skipping extension 'colcon_core.shell.bat': Not used on non-Windows systems
[6.546s] INFO:colcon.colcon_core.shell:Creating prefix script '/home/user/ros2_ws/src/armando_description/launch/install/local_setup.ps1'
[6.547s] INFO:colcon.colcon_core.shell:Creating prefix util module '/home/user/ros2_ws/src/armando_description/launch/install/_local_setup_util_ps1.py'
[6.561s] INFO:colcon.colcon_core.shell:Creating prefix chain script '/home/user/ros2_ws/src/armando_description/launch/install/setup.ps1'
[6.570s] INFO:colcon.colcon_core.shell:Creating prefix script '/home/user/ros2_ws/src/armando_description/launch/install/local_setup.sh'
[6.571s] INFO:colcon.colcon_core.shell:Creating prefix util module '/home/user/ros2_ws/src/armando_description/launch/install/_local_setup_util_sh.py'
[6.572s] INFO:colcon.colcon_core.shell:Creating prefix chain script '/home/user/ros2_ws/src/armando_description/launch/install/setup.sh'
[6.575s] INFO:colcon.colcon_core.shell:Creating prefix script '/home/user/ros2_ws/src/armando_description/launch/install/local_setup.bash'
[6.576s] INFO:colcon.colcon_core.shell:Creating prefix chain script '/home/user/ros2_ws/src/armando_description/launch/install/setup.bash'
[6.579s] INFO:colcon.colcon_core.shell:Creating prefix script '/home/user/ros2_ws/src/armando_description/launch/install/local_setup.zsh'
[6.580s] INFO:colcon.colcon_core.shell:Creating prefix chain script '/home/user/ros2_ws/src/armando_description/launch/install/setup.zsh'
